<?xml version="1.0" encoding="UTF-8"?>
<!-- Generated by org.testng.reporters.JUnitReportReporter -->
<testsuite hostname="HAMEED" failures="0" tests="2" name="com.qa.nc.tests.LoginTest" time="13.523" errors="0" timestamp="2023-09-02T15:43:36 IST" skipped="0">
  <testcase classname="com.qa.nc.tests.LoginTest" name="signUpTest" time="7.072"/>
  <testcase classname="com.qa.nc.tests.LoginTest" name="loginTest" time="6.451"/>
</testsuite> <!-- com.qa.nc.tests.LoginTest -->
